<?xml version="1.0" encoding="UTF-8"?>
<testsuite name="org.eightbit.damdda.DamDda.DamDdaApplicationTests" tests="1" skipped="0" failures="0" errors="0" timestamp="2025-01-08T15:34:06" hostname="LAPTOP-I9C5C0QU" time="2.389">
  <properties/>
  <testcase name="contextLoads()" classname="org.eightbit.damdda.DamDda.DamDdaApplicationTests" time="2.389"/>
  <system-out><![CDATA[00:33:56.020 [Test worker] INFO org.springframework.test.context.support.AnnotationConfigContextLoaderUtils -- Could not detect default configuration classes for test class [org.eightbit.damdda.DamDda.DamDdaApplicationTests]: DamDdaApplicationTests does not declare any static, non-private, non-final, nested classes annotated with @Configuration.
00:33:56.291 [Test worker] INFO org.springframework.boot.test.context.SpringBootTestContextBootstrapper -- Found @SpringBootConfiguration org.eightbit.damdda.DamDda.DamDdaApplication for test class org.eightbit.damdda.DamDda.DamDdaApplicationTests

  .   ____          _            __ _ _
 /\\ / ___'_ __ _ _(_)_ __  __ _ \ \ \ \
( ( )\___ | '_ | '_| | '_ \/ _` | \ \ \ \
 \\/  ___)| |_)| | | | | || (_| |  ) ) ) )
  '  |____| .__|_| |_|_| |_\__, | / / / /
 =========|_|==============|___/=/_/_/_/

 :: Spring Boot ::                (v3.4.1)

2025-01-09T00:33:57.244+09:00  INFO 12196 --- [DamDda] [    Test worker] o.e.d.DamDda.DamDdaApplicationTests      : Starting DamDdaApplicationTests using Java 21.0.5 with PID 12196 (started by Jason Hwang in C:\Alice\damdda-refactoring\DamDda_BE)
2025-01-09T00:33:57.247+09:00  INFO 12196 --- [DamDda] [    Test worker] o.e.d.DamDda.DamDdaApplicationTests      : No active profile set, falling back to 1 default profile: "default"
2025-01-09T00:33:58.628+09:00  INFO 12196 --- [DamDda] [    Test worker] .s.d.r.c.RepositoryConfigurationDelegate : Bootstrapping Spring Data JPA repositories in DEFAULT mode.
2025-01-09T00:33:58.745+09:00  INFO 12196 --- [DamDda] [    Test worker] .s.d.r.c.RepositoryConfigurationDelegate : Finished Spring Data repository scanning in 96 ms. Found 1 JPA repository interface.
2025-01-09T00:34:00.253+09:00  INFO 12196 --- [DamDda] [    Test worker] o.hibernate.jpa.internal.util.LogHelper  : HHH000204: Processing PersistenceUnitInfo [name: default]
2025-01-09T00:34:00.405+09:00  INFO 12196 --- [DamDda] [    Test worker] org.hibernate.Version                    : HHH000412: Hibernate ORM core version 6.6.4.Final
2025-01-09T00:34:00.591+09:00  INFO 12196 --- [DamDda] [    Test worker] o.h.c.internal.RegionFactoryInitiator    : HHH000026: Second-level cache disabled
2025-01-09T00:34:01.301+09:00  INFO 12196 --- [DamDda] [    Test worker] o.s.o.j.p.SpringPersistenceUnitInfo      : No LoadTimeWeaver setup: ignoring JPA class transformer
2025-01-09T00:34:01.367+09:00  INFO 12196 --- [DamDda] [    Test worker] com.zaxxer.hikari.HikariDataSource       : HikariPool-1 - Starting...
2025-01-09T00:34:01.667+09:00  INFO 12196 --- [DamDda] [    Test worker] com.zaxxer.hikari.pool.HikariPool        : HikariPool-1 - Added connection com.mysql.cj.jdbc.ConnectionImpl@1cc93da4
2025-01-09T00:34:01.671+09:00  INFO 12196 --- [DamDda] [    Test worker] com.zaxxer.hikari.HikariDataSource       : HikariPool-1 - Start completed.
2025-01-09T00:34:01.756+09:00  WARN 12196 --- [DamDda] [    Test worker] org.hibernate.orm.deprecation            : HHH90000025: MySQLDialect does not need to be specified explicitly using 'hibernate.dialect' (remove the property setting and it will be selected by default)
2025-01-09T00:34:01.796+09:00  INFO 12196 --- [DamDda] [    Test worker] org.hibernate.orm.connections.pooling    : HHH10001005: Database info:
	Database JDBC URL [Connecting through datasource 'HikariDataSource (HikariPool-1)']
	Database driver: undefined/unknown
	Database version: 9.1
	Autocommit mode: undefined/unknown
	Isolation level: undefined/unknown
	Minimum pool size: undefined/unknown
	Maximum pool size: undefined/unknown
2025-01-09T00:34:03.202+09:00  INFO 12196 --- [DamDda] [    Test worker] o.h.e.t.j.p.i.JtaPlatformInitiator       : HHH000489: No JTA platform available (set 'hibernate.transaction.jta.platform' to enable JTA platform integration)
Hibernate: 
    create table members (
        member_id bigint not null auto_increment,
        email varchar(255) not null,
        image_url varchar(255),
        login_provider enum ('GOOGLE','KAKAO','NAVER','ORIGINAL'),
        social_id varchar(255) not null,
        name varchar(255),
        password varchar(255),
        primary key (member_id)
    ) engine=InnoDB
Hibernate: 
    alter table members 
       drop index UK9d30a9u1qpg8eou0otgkwrp5d
Hibernate: 
    alter table members 
       add constraint UK9d30a9u1qpg8eou0otgkwrp5d unique (email)
2025-01-09T00:34:05.109+09:00  INFO 12196 --- [DamDda] [    Test worker] j.LocalContainerEntityManagerFactoryBean : Initialized JPA EntityManagerFactory for persistence unit 'default'
2025-01-09T00:34:05.452+09:00  WARN 12196 --- [DamDda] [    Test worker] JpaBaseConfiguration$JpaWebConfiguration : spring.jpa.open-in-view is enabled by default. Therefore, database queries may be performed during view rendering. Explicitly configure spring.jpa.open-in-view to disable this warning
2025-01-09T00:34:06.753+09:00  INFO 12196 --- [DamDda] [    Test worker] o.e.d.DamDda.DamDdaApplicationTests      : Started DamDdaApplicationTests in 10.114 seconds (process running for 12.796)
]]></system-out>
  <system-err><![CDATA[Mockito is currently self-attaching to enable the inline-mock-maker. This will no longer work in future releases of the JDK. Please add Mockito as an agent to your build what is described in Mockito's documentation: https://javadoc.io/doc/org.mockito/mockito-core/latest/org/mockito/Mockito.html#0.3
WARNING: A Java agent has been loaded dynamically (C:\Users\Jason Hwang\.gradle\caches\modules-2\files-2.1\net.bytebuddy\byte-buddy-agent\1.15.11\a38b16385e867f59a641330f0362ebe742788ed8\byte-buddy-agent-1.15.11.jar)
WARNING: If a serviceability tool is in use, please run with -XX:+EnableDynamicAgentLoading to hide this warning
WARNING: If a serviceability tool is not in use, please run with -Djdk.instrument.traceUsage for more information
WARNING: Dynamic loading of agents will be disallowed by default in a future release
]]></system-err>
</testsuite>
